app/build/intermediates/manifest_merge_blame_file/debug/manifest-merger-blame-debug-report.txt
1<?xml version="1.0" encoding="utf-8"?>
2<manifest xmlns:android="http://schemas.android.com/apk/res/android"
3    package="com.vivacomigo.app"
4    android:versionCode="1"
5    android:versionName="1.0" >
6
7    <uses-sdk
8        android:minSdkVersion="26"
9        android:targetSdkVersion="34" />
10
11    <uses-permission android:name="android.permission.INTERNET" />
11-->src/main/AndroidManifest.xml:5:5-67
11-->src/main/AndroidManifest.xml:5:22-64
12    <uses-permission android:name="android.permission.READ_MEDIA_IMAGES" />
12-->src/main/AndroidManifest.xml:6:5-76
12-->src/main/AndroidManifest.xml:6:22-73
13    <uses-permission
13-->src/main/AndroidManifest.xml:7:5-8:38
14        android:name="android.permission.READ_EXTERNAL_STORAGE"
14-->src/main/AndroidManifest.xml:7:22-77
15        android:maxSdkVersion="32" />
15-->src/main/AndroidManifest.xml:8:9-35
16    <uses-permission android:name="android.permission.CAMERA" />
16-->src/main/AndroidManifest.xml:9:5-65
16-->src/main/AndroidManifest.xml:9:22-62
17    <uses-permission android:name="android.permission.POST_NOTIFICATIONS" />
17-->src/main/AndroidManifest.xml:10:5-77
17-->src/main/AndroidManifest.xml:10:22-74
18    <uses-permission android:name="android.permission.WAKE_LOCK" />
18-->[androidx.work:work-runtime:2.9.0] AndroidManifest.xml:23:5-68
18-->[androidx.work:work-runtime:2.9.0] AndroidManifest.xml:23:22-65
19    <uses-permission android:name="android.permission.ACCESS_NETWORK_STATE" />
19-->[androidx.work:work-runtime:2.9.0] AndroidManifest.xml:24:5-79
19-->[androidx.work:work-runtime:2.9.0] AndroidManifest.xml:24:22-76
20    <uses-permission android:name="android.permission.RECEIVE_BOOT_COMPLETED" />
20-->[androidx.work:work-runtime:2.9.0] AndroidManifest.xml:25:5-81
20-->[androidx.work:work-runtime:2.9.0] AndroidManifest.xml:25:22-78
21    <uses-permission android:name="android.permission.FOREGROUND_SERVICE" /> <!-- Required by older versions of Google Play services to create IID tokens -->
21-->[androidx.work:work-runtime:2.9.0] AndroidManifest.xml:26:5-77
21-->[androidx.work:work-runtime:2.9.0] AndroidManifest.xml:26:22-74
22    <uses-permission android:name="com.google.android.c2dm.permission.RECEIVE" />
22-->[com.google.firebase:firebase-messaging:23.4.0] AndroidManifest.xml:26:5-82
22-->[com.google.firebase:firebase-messaging:23.4.0] AndroidManifest.xml:26:22-79
23
24    <permission
24-->[androidx.core:core:1.12.0] AndroidManifest.xml:22:5-24:47
25        android:name="com.vivacomigo.app.DYNAMIC_RECEIVER_NOT_EXPORTED_PERMISSION"
25-->[androidx.core:core:1.12.0] AndroidManifest.xml:23:9-81
26        android:protectionLevel="signature" />
26-->[androidx.core:core:1.12.0] AndroidManifest.xml:24:9-44
27
28    <uses-permission android:name="com.vivacomigo.app.DYNAMIC_RECEIVER_NOT_EXPORTED_PERMISSION" />
28-->[androidx.core:core:1.12.0] AndroidManifest.xml:26:5-97
28-->[androidx.core:core:1.12.0] AndroidManifest.xml:26:22-94
29
30    <application
30-->src/main/AndroidManifest.xml:12:5-78:19
31        android:name="com.vivacomigo.app.VivaApp"
31-->src/main/AndroidManifest.xml:13:9-32
32        android:allowBackup="true"
32-->src/main/AndroidManifest.xml:14:9-35
33        android:appComponentFactory="androidx.core.app.CoreComponentFactory"
33-->[androidx.core:core:1.12.0] AndroidManifest.xml:28:18-86
34        android:dataExtractionRules="@xml/data_extraction_rules"
34-->src/main/AndroidManifest.xml:15:9-65
35        android:debuggable="true"
36        android:extractNativeLibs="false"
37        android:fullBackupContent="@xml/backup_rules"
37-->src/main/AndroidManifest.xml:16:9-54
38        android:icon="@mipmap/ic_launcher"
38-->src/main/AndroidManifest.xml:17:9-43
39        android:label="@string/app_name"
39-->src/main/AndroidManifest.xml:18:9-41
40        android:networkSecurityConfig="@xml/network_security_config"
40-->src/main/AndroidManifest.xml:20:9-69
41        android:roundIcon="@mipmap/ic_launcher_round"
41-->src/main/AndroidManifest.xml:19:9-54
42        android:supportsRtl="true"
42-->src/main/AndroidManifest.xml:21:9-35
43        android:testOnly="true"
44        android:theme="@style/Theme.VivaComigo" >
44-->src/main/AndroidManifest.xml:22:9-48
45        <activity
45-->src/main/AndroidManifest.xml:25:9-33:20
46            android:name="com.vivacomigo.app.MainActivity"
46-->src/main/AndroidManifest.xml:26:13-41
47            android:exported="true"
47-->src/main/AndroidManifest.xml:27:13-36
48            android:theme="@style/Theme.VivaComigo" >
48-->src/main/AndroidManifest.xml:28:13-52
49            <intent-filter>
49-->src/main/AndroidManifest.xml:29:13-32:29
50                <action android:name="android.intent.action.MAIN" />
50-->src/main/AndroidManifest.xml:30:17-69
50-->src/main/AndroidManifest.xml:30:25-66
51
52                <category android:name="android.intent.category.LAUNCHER" />
52-->src/main/AndroidManifest.xml:31:17-77
52-->src/main/AndroidManifest.xml:31:27-74
53            </intent-filter>
54        </activity>
55
56        <!-- Widget Provider -->
57        <receiver
57-->src/main/AndroidManifest.xml:36:9-45:20
58            android:name="com.vivacomigo.app.widget.PhotoWidgetReceiver"
58-->src/main/AndroidManifest.xml:37:13-55
59            android:exported="true" >
59-->src/main/AndroidManifest.xml:38:13-36
60            <intent-filter>
60-->src/main/AndroidManifest.xml:39:13-41:29
61                <action android:name="android.appwidget.action.APPWIDGET_UPDATE" />
61-->src/main/AndroidManifest.xml:40:17-84
61-->src/main/AndroidManifest.xml:40:25-81
62            </intent-filter>
63
64            <meta-data
64-->src/main/AndroidManifest.xml:42:13-44:61
65                android:name="android.appwidget.provider"
65-->src/main/AndroidManifest.xml:43:17-58
66                android:resource="@xml/photo_widget_info" />
66-->src/main/AndroidManifest.xml:44:17-58
67        </receiver>
68
69        <!-- FileProvider for sharing files -->
70        <provider
71            android:name="androidx.core.content.FileProvider"
71-->src/main/AndroidManifest.xml:49:13-62
72            android:authorities="com.vivacomigo.app.fileprovider"
72-->src/main/AndroidManifest.xml:50:13-64
73            android:exported="false"
73-->src/main/AndroidManifest.xml:51:13-37
74            android:grantUriPermissions="true" >
74-->src/main/AndroidManifest.xml:52:13-47
75            <meta-data
75-->src/main/AndroidManifest.xml:53:13-55:54
76                android:name="android.support.FILE_PROVIDER_PATHS"
76-->src/main/AndroidManifest.xml:54:17-67
77                android:resource="@xml/file_paths" />
77-->src/main/AndroidManifest.xml:55:17-51
78        </provider>
79
80        <!-- WorkManager for background sync -->
81        <provider
82            android:name="androidx.startup.InitializationProvider"
82-->src/main/AndroidManifest.xml:60:13-67
83            android:authorities="com.vivacomigo.app.androidx-startup"
83-->src/main/AndroidManifest.xml:61:13-68
84            android:exported="false" >
84-->src/main/AndroidManifest.xml:62:13-37
85            <meta-data
85-->src/main/AndroidManifest.xml:64:13-66:52
86                android:name="androidx.work.WorkManagerInitializer"
86-->src/main/AndroidManifest.xml:65:17-68
87                android:value="androidx.startup" />
87-->src/main/AndroidManifest.xml:66:17-49
88            <meta-data
88-->[androidx.emoji2:emoji2:1.4.0] AndroidManifest.xml:29:13-31:52
89                android:name="androidx.emoji2.text.EmojiCompatInitializer"
89-->[androidx.emoji2:emoji2:1.4.0] AndroidManifest.xml:30:17-75
90                android:value="androidx.startup" />
90-->[androidx.emoji2:emoji2:1.4.0] AndroidManifest.xml:31:17-49
91            <meta-data
91-->[androidx.lifecycle:lifecycle-process:2.6.2] AndroidManifest.xml:29:13-31:52
92                android:name="androidx.lifecycle.ProcessLifecycleInitializer"
92-->[androidx.lifecycle:lifecycle-process:2.6.2] AndroidManifest.xml:30:17-78
93                android:value="androidx.startup" />
93-->[androidx.lifecycle:lifecycle-process:2.6.2] AndroidManifest.xml:31:17-49
94            <meta-data
94-->[androidx.profileinstaller:profileinstaller:1.3.1] AndroidManifest.xml:29:13-31:52
95                android:name="androidx.profileinstaller.ProfileInstallerInitializer"
95-->[androidx.profileinstaller:profileinstaller:1.3.1] AndroidManifest.xml:30:17-85
96                android:value="androidx.startup" />
96-->[androidx.profileinstaller:profileinstaller:1.3.1] AndroidManifest.xml:31:17-49
97        </provider>
98
99        <!-- Firebase Messaging Service -->
100        <service
100-->src/main/AndroidManifest.xml:70:9-76:19
101            android:name="com.vivacomigo.app.service.VivaMessagingService"
101-->src/main/AndroidManifest.xml:71:13-57
102            android:exported="false" >
102-->src/main/AndroidManifest.xml:72:13-37
103            <intent-filter>
103-->src/main/AndroidManifest.xml:73:13-75:29
104                <action android:name="com.google.firebase.MESSAGING_EVENT" />
104-->src/main/AndroidManifest.xml:74:17-78
104-->src/main/AndroidManifest.xml:74:25-75
105            </intent-filter>
106        </service>
107
108        <activity
108-->[androidx.glance:glance-appwidget:1.0.0] AndroidManifest.xml:23:9-27:40
109            android:name="androidx.glance.appwidget.action.ActionTrampolineActivity"
109-->[androidx.glance:glance-appwidget:1.0.0] AndroidManifest.xml:24:13-85
110            android:enabled="true"
110-->[androidx.glance:glance-appwidget:1.0.0] AndroidManifest.xml:25:13-35
111            android:excludeFromRecents="true"
111-->[androidx.glance:glance-appwidget:1.0.0] AndroidManifest.xml:26:13-46
112            android:exported="false" />
112-->[androidx.glance:glance-appwidget:1.0.0] AndroidManifest.xml:27:13-37
113        <activity
113-->[androidx.glance:glance-appwidget:1.0.0] AndroidManifest.xml:28:9-35:81
114            android:name="androidx.glance.appwidget.action.InvisibleActionTrampolineActivity"
114-->[androidx.glance:glance-appwidget:1.0.0] AndroidManifest.xml:29:13-94
115            android:enabled="true"
115-->[androidx.glance:glance-appwidget:1.0.0] AndroidManifest.xml:30:13-35
116            android:exported="false"
116-->[androidx.glance:glance-appwidget:1.0.0] AndroidManifest.xml:31:13-37
117            android:launchMode="singleInstance"
117-->[androidx.glance:glance-appwidget:1.0.0] AndroidManifest.xml:32:13-48
118            android:noHistory="true"
118-->[androidx.glance:glance-appwidget:1.0.0] AndroidManifest.xml:33:13-37
119            android:taskAffinity="androidx.glance.appwidget.ListAdapterCallbackTrampoline"
119-->[androidx.glance:glance-appwidget:1.0.0] AndroidManifest.xml:34:13-91
120            android:theme="@style/Widget.Glance.AppWidget.CallbackTrampoline" />
120-->[androidx.glance:glance-appwidget:1.0.0] AndroidManifest.xml:35:13-78
121
122        <receiver
122-->[androidx.glance:glance-appwidget:1.0.0] AndroidManifest.xml:37:9-40:40
123            android:name="androidx.glance.appwidget.action.ActionCallbackBroadcastReceiver"
123-->[androidx.glance:glance-appwidget:1.0.0] AndroidManifest.xml:38:13-92
124            android:enabled="true"
124-->[androidx.glance:glance-appwidget:1.0.0] AndroidManifest.xml:39:13-35
125            android:exported="false" />
125-->[androidx.glance:glance-appwidget:1.0.0] AndroidManifest.xml:40:13-37
126        <receiver
126-->[androidx.glance:glance-appwidget:1.0.0] AndroidManifest.xml:41:9-48:20
127            android:name="androidx.glance.appwidget.MyPackageReplacedReceiver"
127-->[androidx.glance:glance-appwidget:1.0.0] AndroidManifest.xml:42:13-79
128            android:enabled="true"
128-->[androidx.glance:glance-appwidget:1.0.0] AndroidManifest.xml:43:13-35
129            android:exported="false" >
129-->[androidx.glance:glance-appwidget:1.0.0] AndroidManifest.xml:44:13-37
130            <intent-filter>
130-->[androidx.glance:glance-appwidget:1.0.0] AndroidManifest.xml:45:13-47:29
131                <action android:name="android.intent.action.MY_PACKAGE_REPLACED" />
131-->[androidx.glance:glance-appwidget:1.0.0] AndroidManifest.xml:46:17-84
131-->[androidx.glance:glance-appwidget:1.0.0] AndroidManifest.xml:46:25-81
132            </intent-filter>
133        </receiver>
134
135        <service
135-->[androidx.glance:glance-appwidget:1.0.0] AndroidManifest.xml:50:9-53:72
136            android:name="androidx.glance.appwidget.GlanceRemoteViewsService"
136-->[androidx.glance:glance-appwidget:1.0.0] AndroidManifest.xml:51:13-78
137            android:exported="true"
137-->[androidx.glance:glance-appwidget:1.0.0] AndroidManifest.xml:52:13-36
138            android:permission="android.permission.BIND_REMOTEVIEWS" />
138-->[androidx.glance:glance-appwidget:1.0.0] AndroidManifest.xml:53:13-69
139        <service
139-->[androidx.core:core-remoteviews:1.0.0] AndroidManifest.xml:24:9-27:63
140            android:name="androidx.core.widget.RemoteViewsCompatService"
140-->[androidx.core:core-remoteviews:1.0.0] AndroidManifest.xml:25:13-73
141            android:permission="android.permission.BIND_REMOTEVIEWS" />
141-->[androidx.core:core-remoteviews:1.0.0] AndroidManifest.xml:26:13-69
142        <service
142-->[androidx.work:work-runtime:2.9.0] AndroidManifest.xml:39:9-45:35
143            android:name="androidx.work.impl.background.systemalarm.SystemAlarmService"
143-->[androidx.work:work-runtime:2.9.0] AndroidManifest.xml:40:13-88
144            android:directBootAware="false"
144-->[androidx.work:work-runtime:2.9.0] AndroidManifest.xml:41:13-44
145            android:enabled="@bool/enable_system_alarm_service_default"
145-->[androidx.work:work-runtime:2.9.0] AndroidManifest.xml:42:13-72
146            android:exported="false" />
146-->[androidx.work:work-runtime:2.9.0] AndroidManifest.xml:43:13-37
147        <service
147-->[androidx.work:work-runtime:2.9.0] AndroidManifest.xml:46:9-52:35
148            android:name="androidx.work.impl.background.systemjob.SystemJobService"
148-->[androidx.work:work-runtime:2.9.0] AndroidManifest.xml:47:13-84
149            android:directBootAware="false"
149-->[androidx.work:work-runtime:2.9.0] AndroidManifest.xml:48:13-44
150            android:enabled="@bool/enable_system_job_service_default"
150-->[androidx.work:work-runtime:2.9.0] AndroidManifest.xml:49:13-70
151            android:exported="true"
151-->[androidx.work:work-runtime:2.9.0] AndroidManifest.xml:50:13-36
152            android:permission="android.permission.BIND_JOB_SERVICE" />
152-->[androidx.work:work-runtime:2.9.0] AndroidManifest.xml:51:13-69
153        <service
153-->[androidx.work:work-runtime:2.9.0] AndroidManifest.xml:53:9-59:35
154            android:name="androidx.work.impl.foreground.SystemForegroundService"
154-->[androidx.work:work-runtime:2.9.0] AndroidManifest.xml:54:13-81
155            android:directBootAware="false"
155-->[androidx.work:work-runtime:2.9.0] AndroidManifest.xml:55:13-44
156            android:enabled="@bool/enable_system_foreground_service_default"
156-->[androidx.work:work-runtime:2.9.0] AndroidManifest.xml:56:13-77
157            android:exported="false" />
157-->[androidx.work:work-runtime:2.9.0] AndroidManifest.xml:57:13-37
158
159        <receiver
159-->[androidx.work:work-runtime:2.9.0] AndroidManifest.xml:61:9-66:35
160            android:name="androidx.work.impl.utils.ForceStopRunnable$BroadcastReceiver"
160-->[androidx.work:work-runtime:2.9.0] AndroidManifest.xml:62:13-88
161            android:directBootAware="false"
161-->[androidx.work:work-runtime:2.9.0] AndroidManifest.xml:63:13-44
162            android:enabled="true"
162-->[androidx.work:work-runtime:2.9.0] AndroidManifest.xml:64:13-35
163            android:exported="false" />
163-->[androidx.work:work-runtime:2.9.0] AndroidManifest.xml:65:13-37
164        <receiver
164-->[androidx.work:work-runtime:2.9.0] AndroidManifest.xml:67:9-77:20
165            android:name="androidx.work.impl.background.systemalarm.ConstraintProxy$BatteryChargingProxy"
165-->[androidx.work:work-runtime:2.9.0] AndroidManifest.xml:68:13-106
166            android:directBootAware="false"
166-->[androidx.work:work-runtime:2.9.0] AndroidManifest.xml:69:13-44
167            android:enabled="false"
167-->[androidx.work:work-runtime:2.9.0] AndroidManifest.xml:70:13-36
168            android:exported="false" >
168-->[androidx.work:work-runtime:2.9.0] AndroidManifest.xml:71:13-37
169            <intent-filter>
169-->[androidx.work:work-runtime:2.9.0] AndroidManifest.xml:73:13-76:29
170                <action android:name="android.intent.action.ACTION_POWER_CONNECTED" />
170-->[androidx.work:work-runtime:2.9.0] AndroidManifest.xml:74:17-87
170-->[androidx.work:work-runtime:2.9.0] AndroidManifest.xml:74:25-84
171                <action android:name="android.intent.action.ACTION_POWER_DISCONNECTED" />
171-->[androidx.work:work-runtime:2.9.0] AndroidManifest.xml:75:17-90
171-->[androidx.work:work-runtime:2.9.0] AndroidManifest.xml:75:25-87
172            </intent-filter>
173        </receiver>
174        <receiver
174-->[androidx.work:work-runtime:2.9.0] AndroidManifest.xml:78:9-88:20
175            android:name="androidx.work.impl.background.systemalarm.ConstraintProxy$BatteryNotLowProxy"
175-->[androidx.work:work-runtime:2.9.0] AndroidManifest.xml:79:13-104
176            android:directBootAware="false"
176-->[androidx.work:work-runtime:2.9.0] AndroidManifest.xml:80:13-44
177            android:enabled="false"
177-->[androidx.work:work-runtime:2.9.0] AndroidManifest.xml:81:13-36
178            android:exported="false" >
178-->[androidx.work:work-runtime:2.9.0] AndroidManifest.xml:82:13-37
179            <intent-filter>
179-->[androidx.work:work-runtime:2.9.0] AndroidManifest.xml:84:13-87:29
180                <action android:name="android.intent.action.BATTERY_OKAY" />
180-->[androidx.work:work-runtime:2.9.0] AndroidManifest.xml:85:17-77
180-->[androidx.work:work-runtime:2.9.0] AndroidManifest.xml:85:25-74
181                <action android:name="android.intent.action.BATTERY_LOW" />
181-->[androidx.work:work-runtime:2.9.0] AndroidManifest.xml:86:17-76
181-->[androidx.work:work-runtime:2.9.0] AndroidManifest.xml:86:25-73
182            </intent-filter>
183        </receiver>
184        <receiver
184-->[androidx.work:work-runtime:2.9.0] AndroidManifest.xml:89:9-99:20
185            android:name="androidx.work.impl.background.systemalarm.ConstraintProxy$StorageNotLowProxy"
185-->[androidx.work:work-runtime:2.9.0] AndroidManifest.xml:90:13-104
186            android:directBootAware="false"
186-->[androidx.work:work-runtime:2.9.0] AndroidManifest.xml:91:13-44
187            android:enabled="false"
187-->[androidx.work:work-runtime:2.9.0] AndroidManifest.xml:92:13-36
188            android:exported="false" >
188-->[androidx.work:work-runtime:2.9.0] AndroidManifest.xml:93:13-37
189            <intent-filter>
189-->[androidx.work:work-runtime:2.9.0] AndroidManifest.xml:95:13-98:29
190                <action android:name="android.intent.action.DEVICE_STORAGE_LOW" />
190-->[androidx.work:work-runtime:2.9.0] AndroidManifest.xml:96:17-83
190-->[androidx.work:work-runtime:2.9.0] AndroidManifest.xml:96:25-80
191                <action android:name="android.intent.action.DEVICE_STORAGE_OK" />
191-->[androidx.work:work-runtime:2.9.0] AndroidManifest.xml:97:17-82
191-->[androidx.work:work-runtime:2.9.0] AndroidManifest.xml:97:25-79
192            </intent-filter>
193        </receiver>
194        <receiver
194-->[androidx.work:work-runtime:2.9.0] AndroidManifest.xml:100:9-109:20
195            android:name="androidx.work.impl.background.systemalarm.ConstraintProxy$NetworkStateProxy"
195-->[androidx.work:work-runtime:2.9.0] AndroidManifest.xml:101:13-103
196            android:directBootAware="false"
196-->[androidx.work:work-runtime:2.9.0] AndroidManifest.xml:102:13-44
197            android:enabled="false"
197-->[androidx.work:work-runtime:2.9.0] AndroidManifest.xml:103:13-36
198            android:exported="false" >
198-->[androidx.work:work-runtime:2.9.0] AndroidManifest.xml:104:13-37
199            <intent-filter>
199-->[androidx.work:work-runtime:2.9.0] AndroidManifest.xml:106:13-108:29
200                <action android:name="android.net.conn.CONNECTIVITY_CHANGE" />
200-->[androidx.work:work-runtime:2.9.0] AndroidManifest.xml:107:17-79
200-->[androidx.work:work-runtime:2.9.0] AndroidManifest.xml:107:25-76
201            </intent-filter>
202        </receiver>
203        <receiver
203-->[androidx.work:work-runtime:2.9.0] AndroidManifest.xml:110:9-121:20
204            android:name="androidx.work.impl.background.systemalarm.RescheduleReceiver"
204-->[androidx.work:work-runtime:2.9.0] AndroidManifest.xml:111:13-88
205            android:directBootAware="false"
205-->[androidx.work:work-runtime:2.9.0] AndroidManifest.xml:112:13-44
206            android:enabled="false"
206-->[androidx.work:work-runtime:2.9.0] AndroidManifest.xml:113:13-36
207            android:exported="false" >
207-->[androidx.work:work-runtime:2.9.0] AndroidManifest.xml:114:13-37
208            <intent-filter>
208-->[androidx.work:work-runtime:2.9.0] AndroidManifest.xml:116:13-120:29
209                <action android:name="android.intent.action.BOOT_COMPLETED" />
209-->[androidx.work:work-runtime:2.9.0] AndroidManifest.xml:117:17-79
209-->[androidx.work:work-runtime:2.9.0] AndroidManifest.xml:117:25-76
210                <action android:name="android.intent.action.TIME_SET" />
210-->[androidx.work:work-runtime:2.9.0] AndroidManifest.xml:118:17-73
210-->[androidx.work:work-runtime:2.9.0] AndroidManifest.xml:118:25-70
211                <action android:name="android.intent.action.TIMEZONE_CHANGED" />
211-->[androidx.work:work-runtime:2.9.0] AndroidManifest.xml:119:17-81
211-->[androidx.work:work-runtime:2.9.0] AndroidManifest.xml:119:25-78
212            </intent-filter>
213        </receiver>
214        <receiver
214-->[androidx.work:work-runtime:2.9.0] AndroidManifest.xml:122:9-131:20
215            android:name="androidx.work.impl.background.systemalarm.ConstraintProxyUpdateReceiver"
215-->[androidx.work:work-runtime:2.9.0] AndroidManifest.xml:123:13-99
216            android:directBootAware="false"
216-->[androidx.work:work-runtime:2.9.0] AndroidManifest.xml:124:13-44
217            android:enabled="@bool/enable_system_alarm_service_default"
217-->[androidx.work:work-runtime:2.9.0] AndroidManifest.xml:125:13-72
218            android:exported="false" >
218-->[androidx.work:work-runtime:2.9.0] AndroidManifest.xml:126:13-37
219            <intent-filter>
219-->[androidx.work:work-runtime:2.9.0] AndroidManifest.xml:128:13-130:29
220                <action android:name="androidx.work.impl.background.systemalarm.UpdateProxies" />
220-->[androidx.work:work-runtime:2.9.0] AndroidManifest.xml:129:17-98
220-->[androidx.work:work-runtime:2.9.0] AndroidManifest.xml:129:25-95
221            </intent-filter>
222        </receiver>
223        <receiver
223-->[androidx.work:work-runtime:2.9.0] AndroidManifest.xml:132:9-142:20
224            android:name="androidx.work.impl.diagnostics.DiagnosticsReceiver"
224-->[androidx.work:work-runtime:2.9.0] AndroidManifest.xml:133:13-78
225            android:directBootAware="false"
225-->[androidx.work:work-runtime:2.9.0] AndroidManifest.xml:134:13-44
226            android:enabled="true"
226-->[androidx.work:work-runtime:2.9.0] AndroidManifest.xml:135:13-35
227            android:exported="true"
227-->[androidx.work:work-runtime:2.9.0] AndroidManifest.xml:136:13-36
228            android:permission="android.permission.DUMP" >
228-->[androidx.work:work-runtime:2.9.0] AndroidManifest.xml:137:13-57
229            <intent-filter>
229-->[androidx.work:work-runtime:2.9.0] AndroidManifest.xml:139:13-141:29
230                <action android:name="androidx.work.diagnostics.REQUEST_DIAGNOSTICS" />
230-->[androidx.work:work-runtime:2.9.0] AndroidManifest.xml:140:17-88
230-->[androidx.work:work-runtime:2.9.0] AndroidManifest.xml:140:25-85
231            </intent-filter>
232        </receiver>
233
234        <activity
234-->[androidx.compose.ui:ui-test-manifest:1.5.4] AndroidManifest.xml:23:9-25:39
235            android:name="androidx.activity.ComponentActivity"
235-->[androidx.compose.ui:ui-test-manifest:1.5.4] AndroidManifest.xml:24:13-63
236            android:exported="true" />
236-->[androidx.compose.ui:ui-test-manifest:1.5.4] AndroidManifest.xml:25:13-36
237        <activity
237-->[androidx.compose.ui:ui-tooling-android:1.5.4] AndroidManifest.xml:23:9-25:39
238            android:name="androidx.compose.ui.tooling.PreviewActivity"
238-->[androidx.compose.ui:ui-tooling-android:1.5.4] AndroidManifest.xml:24:13-71
239            android:exported="true" />
239-->[androidx.compose.ui:ui-tooling-android:1.5.4] AndroidManifest.xml:25:13-36
240
241        <service
241-->[com.google.firebase:firebase-messaging-ktx:23.4.0] AndroidManifest.xml:23:9-29:19
242            android:name="com.google.firebase.components.ComponentDiscoveryService"
242-->[com.google.firebase:firebase-messaging-ktx:23.4.0] AndroidManifest.xml:24:13-84
243            android:directBootAware="true"
243-->[com.google.firebase:firebase-common:20.4.2] AndroidManifest.xml:32:13-43
244            android:exported="false" >
244-->[com.google.firebase:firebase-messaging-ktx:23.4.0] AndroidManifest.xml:25:13-37
245            <meta-data
245-->[com.google.firebase:firebase-messaging-ktx:23.4.0] AndroidManifest.xml:26:13-28:85
246                android:name="com.google.firebase.components:com.google.firebase.messaging.ktx.FirebaseMessagingLegacyRegistrar"
246-->[com.google.firebase:firebase-messaging-ktx:23.4.0] AndroidManifest.xml:27:17-129
247                android:value="com.google.firebase.components.ComponentRegistrar" />
247-->[com.google.firebase:firebase-messaging-ktx:23.4.0] AndroidManifest.xml:28:17-82
248            <meta-data
248-->[com.google.firebase:firebase-messaging:23.4.0] AndroidManifest.xml:57:13-59:85
249                android:name="com.google.firebase.components:com.google.firebase.messaging.FirebaseMessagingKtxRegistrar"
249-->[com.google.firebase:firebase-messaging:23.4.0] AndroidManifest.xml:58:17-122
250                android:value="com.google.firebase.components.ComponentRegistrar" />
250-->[com.google.firebase:firebase-messaging:23.4.0] AndroidManifest.xml:59:17-82
251            <meta-data
251-->[com.google.firebase:firebase-messaging:23.4.0] AndroidManifest.xml:60:13-62:85
252                android:name="com.google.firebase.components:com.google.firebase.messaging.FirebaseMessagingRegistrar"
252-->[com.google.firebase:firebase-messaging:23.4.0] AndroidManifest.xml:61:17-119
253                android:value="com.google.firebase.components.ComponentRegistrar" />
253-->[com.google.firebase:firebase-messaging:23.4.0] AndroidManifest.xml:62:17-82
254            <meta-data
254-->[com.google.firebase:firebase-installations:17.2.0] AndroidManifest.xml:15:13-17:85
255                android:name="com.google.firebase.components:com.google.firebase.installations.FirebaseInstallationsKtxRegistrar"
255-->[com.google.firebase:firebase-installations:17.2.0] AndroidManifest.xml:16:17-130
256                android:value="com.google.firebase.components.ComponentRegistrar" />
256-->[com.google.firebase:firebase-installations:17.2.0] AndroidManifest.xml:17:17-82
257            <meta-data
257-->[com.google.firebase:firebase-installations:17.2.0] AndroidManifest.xml:18:13-20:85
258                android:name="com.google.firebase.components:com.google.firebase.installations.FirebaseInstallationsRegistrar"
258-->[com.google.firebase:firebase-installations:17.2.0] AndroidManifest.xml:19:17-127
259                android:value="com.google.firebase.components.ComponentRegistrar" />
259-->[com.google.firebase:firebase-installations:17.2.0] AndroidManifest.xml:20:17-82
260            <meta-data
260-->[com.google.firebase:firebase-common-ktx:20.4.2] AndroidManifest.xml:12:13-14:85
261                android:name="com.google.firebase.components:com.google.firebase.ktx.FirebaseCommonLegacyRegistrar"
261-->[com.google.firebase:firebase-common-ktx:20.4.2] AndroidManifest.xml:13:17-116
262                android:value="com.google.firebase.components.ComponentRegistrar" />
262-->[com.google.firebase:firebase-common-ktx:20.4.2] AndroidManifest.xml:14:17-82
263            <meta-data
263-->[com.google.firebase:firebase-common:20.4.2] AndroidManifest.xml:35:13-37:85
264                android:name="com.google.firebase.components:com.google.firebase.FirebaseCommonKtxRegistrar"
264-->[com.google.firebase:firebase-common:20.4.2] AndroidManifest.xml:36:17-109
265                android:value="com.google.firebase.components.ComponentRegistrar" />
265-->[com.google.firebase:firebase-common:20.4.2] AndroidManifest.xml:37:17-82
266            <meta-data
266-->[com.google.firebase:firebase-datatransport:18.1.7] AndroidManifest.xml:27:13-29:85
267                android:name="com.google.firebase.components:com.google.firebase.datatransport.TransportRegistrar"
267-->[com.google.firebase:firebase-datatransport:18.1.7] AndroidManifest.xml:28:17-115
268                android:value="com.google.firebase.components.ComponentRegistrar" />
268-->[com.google.firebase:firebase-datatransport:18.1.7] AndroidManifest.xml:29:17-82
269        </service>
270
271        <receiver
271-->[com.google.firebase:firebase-messaging:23.4.0] AndroidManifest.xml:29:9-40:20
272            android:name="com.google.firebase.iid.FirebaseInstanceIdReceiver"
272-->[com.google.firebase:firebase-messaging:23.4.0] AndroidManifest.xml:30:13-78
273            android:exported="true"
273-->[com.google.firebase:firebase-messaging:23.4.0] AndroidManifest.xml:31:13-36
274            android:permission="com.google.android.c2dm.permission.SEND" >
274-->[com.google.firebase:firebase-messaging:23.4.0] AndroidManifest.xml:32:13-73
275            <intent-filter>
275-->[com.google.firebase:firebase-messaging:23.4.0] AndroidManifest.xml:33:13-35:29